<?xml version="1.0" encoding="UTF-8"?>
<!-- Generated by org.testng.reporters.JUnitXMLReporter -->
<testsuite ignored="0" hostname="HP-WYLDC" failures="0" tests="2" name="SignIn and Orders" time="68.269" errors="0" timestamp="2025-09-01T14:42:13 WIB">
  <testcase classname="io.cucumber.testng.AbstractTestNGCucumberTests" name="runScenario" time="25.406"/>
  <testcase classname="io.cucumber.testng.AbstractTestNGCucumberTests" name="runScenario" time="31.819"/>
</testsuite> <!-- SignIn and Orders -->
