<?xml version="1.0" encoding="UTF-8"?>
<testng-results ignored="0" total="21" passed="21" failed="0" skipped="0">
  <reporter-output>
  </reporter-output>
  <suite started-at="2025-09-04T13:38:50 WIB" name="CuraHealth Test" finished-at="2025-09-04T13:47:15 WIB" duration-ms="504917">
    <groups>
      <group name="cucumber">
        <method signature="AbstractTestNGCucumberTests.runScenario(io.cucumber.testng.PickleWrapper,io.cucumber.testng.FeatureWrapper)[pri:0, instance:com.juaracoding.healthcare.definitions.runners.RunnersApp@4b2bac3f]" name="runScenario" class="io.cucumber.testng.AbstractTestNGCucumberTests"/>
      </group> <!-- cucumber -->
    </groups>
    <test started-at="2025-09-04T13:38:50 WIB" name="SignIn and Orders" finished-at="2025-09-04T13:47:15 WIB" duration-ms="504917">
      <class name="com.juaracoding.healthcare.definitions.runners.RunnersApp">
        <test-method is-config="true" signature="setUpClass(org.testng.ITestContext)[pri:0, instance:com.juaracoding.healthcare.definitions.runners.RunnersApp@4b2bac3f]" started-at="2025-09-04T13:38:50 WIB" name="setUpClass" finished-at="2025-09-04T13:38:53 WIB" duration-ms="2780" status="PASS">
          <params>
            <param index="0">
              <value>
                <![CDATA[org.testng.TestRunner@27260f9c]]>
              </value>
            </param>
          </params>
          <reporter-output>
          </reporter-output>
        </test-method> <!-- setUpClass -->
        <test-method signature="runScenario(io.cucumber.testng.PickleWrapper,io.cucumber.testng.FeatureWrapper)[pri:0, instance:com.juaracoding.healthcare.definitions.runners.RunnersApp@4b2bac3f]" started-at="2025-09-04T13:38:53 WIB" name="runScenario" description="Runs Cucumber Scenarios" data-provider="scenarios" finished-at="2025-09-04T13:39:19 WIB" duration-ms="26075" status="PASS">
          <params>
            <param index="0">
              <value>
                <![CDATA["Negative Sign In Aplikasi Cura Healthcare"]]>
              </value>
            </param>
            <param index="1">
              <value>
                <![CDATA["Cura Healthcare"]]>
              </value>
            </param>
          </params>
          <reporter-output>
          </reporter-output>
        </test-method> <!-- runScenario -->
        <test-method signature="runScenario(io.cucumber.testng.PickleWrapper,io.cucumber.testng.FeatureWrapper)[pri:0, instance:com.juaracoding.healthcare.definitions.runners.RunnersApp@4b2bac3f]" started-at="2025-09-04T13:39:19 WIB" name="runScenario" description="Runs Cucumber Scenarios" data-provider="scenarios" finished-at="2025-09-04T13:39:40 WIB" duration-ms="21443" status="PASS">
          <params>
            <param index="0">
              <value>
                <![CDATA["Negative Sign In Aplikasi Cura Healthcare"]]>
              </value>
            </param>
            <param index="1">
              <value>
                <![CDATA["Cura Healthcare"]]>
              </value>
            </param>
          </params>
          <reporter-output>
          </reporter-output>
        </test-method> <!-- runScenario -->
        <test-method signature="runScenario(io.cucumber.testng.PickleWrapper,io.cucumber.testng.FeatureWrapper)[pri:0, instance:com.juaracoding.healthcare.definitions.runners.RunnersApp@4b2bac3f]" started-at="2025-09-04T13:39:40 WIB" name="runScenario" description="Runs Cucumber Scenarios" data-provider="scenarios" finished-at="2025-09-04T13:40:01 WIB" duration-ms="20828" status="PASS">
          <params>
            <param index="0">
              <value>
                <![CDATA["Negative Sign In Aplikasi Cura Healthcare"]]>
              </value>
            </param>
            <param index="1">
              <value>
                <![CDATA["Cura Healthcare"]]>
              </value>
            </param>
          </params>
          <reporter-output>
          </reporter-output>
        </test-method> <!-- runScenario -->
        <test-method signature="runScenario(io.cucumber.testng.PickleWrapper,io.cucumber.testng.FeatureWrapper)[pri:0, instance:com.juaracoding.healthcare.definitions.runners.RunnersApp@4b2bac3f]" started-at="2025-09-04T13:40:01 WIB" name="runScenario" description="Runs Cucumber Scenarios" data-provider="scenarios" finished-at="2025-09-04T13:40:26 WIB" duration-ms="24660" status="PASS">
          <params>
            <param index="0">
              <value>
                <![CDATA["Negative Sign In Aplikasi Cura Healthcare"]]>
              </value>
            </param>
            <param index="1">
              <value>
                <![CDATA["Cura Healthcare"]]>
              </value>
            </param>
          </params>
          <reporter-output>
          </reporter-output>
        </test-method> <!-- runScenario -->
        <test-method signature="runScenario(io.cucumber.testng.PickleWrapper,io.cucumber.testng.FeatureWrapper)[pri:0, instance:com.juaracoding.healthcare.definitions.runners.RunnersApp@4b2bac3f]" started-at="2025-09-04T13:40:26 WIB" name="runScenario" description="Runs Cucumber Scenarios" data-provider="scenarios" finished-at="2025-09-04T13:40:43 WIB" duration-ms="17128" status="PASS">
          <params>
            <param index="0">
              <value>
                <![CDATA["Negative Sign In Aplikasi Cura Healthcare"]]>
              </value>
            </param>
            <param index="1">
              <value>
                <![CDATA["Cura Healthcare"]]>
              </value>
            </param>
          </params>
          <reporter-output>
          </reporter-output>
        </test-method> <!-- runScenario -->
        <test-method signature="runScenario(io.cucumber.testng.PickleWrapper,io.cucumber.testng.FeatureWrapper)[pri:0, instance:com.juaracoding.healthcare.definitions.runners.RunnersApp@4b2bac3f]" started-at="2025-09-04T13:40:43 WIB" name="runScenario" description="Runs Cucumber Scenarios" data-provider="scenarios" finished-at="2025-09-04T13:41:04 WIB" duration-ms="20593" status="PASS">
          <params>
            <param index="0">
              <value>
                <![CDATA["Navigasi ke Halaman History"]]>
              </value>
            </param>
            <param index="1">
              <value>
                <![CDATA["History menu"]]>
              </value>
            </param>
          </params>
          <reporter-output>
          </reporter-output>
        </test-method> <!-- runScenario -->
        <test-method signature="runScenario(io.cucumber.testng.PickleWrapper,io.cucumber.testng.FeatureWrapper)[pri:0, instance:com.juaracoding.healthcare.definitions.runners.RunnersApp@4b2bac3f]" started-at="2025-09-04T13:41:04 WIB" name="runScenario" description="Runs Cucumber Scenarios" data-provider="scenarios" finished-at="2025-09-04T13:41:27 WIB" duration-ms="22995" status="PASS">
          <params>
            <param index="0">
              <value>
                <![CDATA["Navigasi From History go to Home Page"]]>
              </value>
            </param>
            <param index="1">
              <value>
                <![CDATA["History menu"]]>
              </value>
            </param>
          </params>
          <reporter-output>
          </reporter-output>
        </test-method> <!-- runScenario -->
        <test-method signature="runScenario(io.cucumber.testng.PickleWrapper,io.cucumber.testng.FeatureWrapper)[pri:0, instance:com.juaracoding.healthcare.definitions.runners.RunnersApp@4b2bac3f]" started-at="2025-09-04T13:41:27 WIB" name="runScenario" description="Runs Cucumber Scenarios" data-provider="scenarios" finished-at="2025-09-04T13:41:48 WIB" duration-ms="21110" status="PASS">
          <params>
            <param index="0">
              <value>
                <![CDATA["Negative : User melihat tidak ada form data Appointment di History"]]>
              </value>
            </param>
            <param index="1">
              <value>
                <![CDATA["History menu"]]>
              </value>
            </param>
          </params>
          <reporter-output>
          </reporter-output>
        </test-method> <!-- runScenario -->
        <test-method signature="runScenario(io.cucumber.testng.PickleWrapper,io.cucumber.testng.FeatureWrapper)[pri:0, instance:com.juaracoding.healthcare.definitions.runners.RunnersApp@4b2bac3f]" started-at="2025-09-04T13:41:48 WIB" name="runScenario" description="Runs Cucumber Scenarios" data-provider="scenarios" finished-at="2025-09-04T13:42:11 WIB" duration-ms="22693" status="PASS">
          <params>
            <param index="0">
              <value>
                <![CDATA["Validasi Menampilkan Riwayat Pengajuan di Halaman History by Date"]]>
              </value>
            </param>
            <param index="1">
              <value>
                <![CDATA["History menu"]]>
              </value>
            </param>
          </params>
          <reporter-output>
          </reporter-output>
        </test-method> <!-- runScenario -->
        <test-method signature="runScenario(io.cucumber.testng.PickleWrapper,io.cucumber.testng.FeatureWrapper)[pri:0, instance:com.juaracoding.healthcare.definitions.runners.RunnersApp@4b2bac3f]" started-at="2025-09-04T13:42:11 WIB" name="runScenario" description="Runs Cucumber Scenarios" data-provider="scenarios" finished-at="2025-09-04T13:42:36 WIB" duration-ms="25430" status="PASS">
          <params>
            <param index="0">
              <value>
                <![CDATA["Validasi Menampilkan Riwayat Pengajuan di Halaman History by Date"]]>
              </value>
            </param>
            <param index="1">
              <value>
                <![CDATA["History menu"]]>
              </value>
            </param>
          </params>
          <reporter-output>
          </reporter-output>
        </test-method> <!-- runScenario -->
        <test-method signature="runScenario(io.cucumber.testng.PickleWrapper,io.cucumber.testng.FeatureWrapper)[pri:0, instance:com.juaracoding.healthcare.definitions.runners.RunnersApp@4b2bac3f]" started-at="2025-09-04T13:42:36 WIB" name="runScenario" description="Runs Cucumber Scenarios" data-provider="scenarios" finished-at="2025-09-04T13:43:00 WIB" duration-ms="23990" status="PASS">
          <params>
            <param index="0">
              <value>
                <![CDATA["Validasi Menampilkan Riwayat Pengajuan di Halaman History by Date"]]>
              </value>
            </param>
            <param index="1">
              <value>
                <![CDATA["History menu"]]>
              </value>
            </param>
          </params>
          <reporter-output>
          </reporter-output>
        </test-method> <!-- runScenario -->
        <test-method signature="runScenario(io.cucumber.testng.PickleWrapper,io.cucumber.testng.FeatureWrapper)[pri:0, instance:com.juaracoding.healthcare.definitions.runners.RunnersApp@4b2bac3f]" started-at="2025-09-04T13:43:00 WIB" name="runScenario" description="Runs Cucumber Scenarios" data-provider="scenarios" finished-at="2025-09-04T13:43:26 WIB" duration-ms="26053" status="PASS">
          <params>
            <param index="0">
              <value>
                <![CDATA["Validasi Riwayat History dengan labels dan value"]]>
              </value>
            </param>
            <param index="1">
              <value>
                <![CDATA["History menu"]]>
              </value>
            </param>
          </params>
          <reporter-output>
          </reporter-output>
        </test-method> <!-- runScenario -->
        <test-method signature="runScenario(io.cucumber.testng.PickleWrapper,io.cucumber.testng.FeatureWrapper)[pri:0, instance:com.juaracoding.healthcare.definitions.runners.RunnersApp@4b2bac3f]" started-at="2025-09-04T13:43:26 WIB" name="runScenario" description="Runs Cucumber Scenarios" data-provider="scenarios" finished-at="2025-09-04T13:43:50 WIB" duration-ms="24018" status="PASS">
          <params>
            <param index="0">
              <value>
                <![CDATA["Validasi Riwayat History dengan labels dan value"]]>
              </value>
            </param>
            <param index="1">
              <value>
                <![CDATA["History menu"]]>
              </value>
            </param>
          </params>
          <reporter-output>
          </reporter-output>
        </test-method> <!-- runScenario -->
        <test-method signature="runScenario(io.cucumber.testng.PickleWrapper,io.cucumber.testng.FeatureWrapper)[pri:0, instance:com.juaracoding.healthcare.definitions.runners.RunnersApp@4b2bac3f]" started-at="2025-09-04T13:43:50 WIB" name="runScenario" description="Runs Cucumber Scenarios" data-provider="scenarios" finished-at="2025-09-04T13:44:14 WIB" duration-ms="24032" status="PASS">
          <params>
            <param index="0">
              <value>
                <![CDATA["Validasi Riwayat History dengan labels dan value"]]>
              </value>
            </param>
            <param index="1">
              <value>
                <![CDATA["History menu"]]>
              </value>
            </param>
          </params>
          <reporter-output>
          </reporter-output>
        </test-method> <!-- runScenario -->
        <test-method signature="runScenario(io.cucumber.testng.PickleWrapper,io.cucumber.testng.FeatureWrapper)[pri:0, instance:com.juaracoding.healthcare.definitions.runners.RunnersApp@4b2bac3f]" started-at="2025-09-04T13:44:14 WIB" name="runScenario" description="Runs Cucumber Scenarios" data-provider="scenarios" finished-at="2025-09-04T13:44:43 WIB" duration-ms="29100" status="PASS">
          <params>
            <param index="0">
              <value>
                <![CDATA["Validasi Riwayat History dengan labels dan value"]]>
              </value>
            </param>
            <param index="1">
              <value>
                <![CDATA["History menu"]]>
              </value>
            </param>
          </params>
          <reporter-output>
          </reporter-output>
        </test-method> <!-- runScenario -->
        <test-method signature="runScenario(io.cucumber.testng.PickleWrapper,io.cucumber.testng.FeatureWrapper)[pri:0, instance:com.juaracoding.healthcare.definitions.runners.RunnersApp@4b2bac3f]" started-at="2025-09-04T13:44:43 WIB" name="runScenario" description="Runs Cucumber Scenarios" data-provider="scenarios" finished-at="2025-09-04T13:45:05 WIB" duration-ms="21756" status="PASS">
          <params>
            <param index="0">
              <value>
                <![CDATA["Navigasi ke halaman Profile"]]>
              </value>
            </param>
            <param index="1">
              <value>
                <![CDATA["Profile Healthcare"]]>
              </value>
            </param>
          </params>
          <reporter-output>
          </reporter-output>
        </test-method> <!-- runScenario -->
        <test-method signature="runScenario(io.cucumber.testng.PickleWrapper,io.cucumber.testng.FeatureWrapper)[pri:0, instance:com.juaracoding.healthcare.definitions.runners.RunnersApp@4b2bac3f]" started-at="2025-09-04T13:45:05 WIB" name="runScenario" description="Runs Cucumber Scenarios" data-provider="scenarios" finished-at="2025-09-04T13:45:25 WIB" duration-ms="20053" status="PASS">
          <params>
            <param index="0">
              <value>
                <![CDATA["Sign to Aplikasi Cura HEALTHCARE"]]>
              </value>
            </param>
            <param index="1">
              <value>
                <![CDATA["CURA HEALTHCARE"]]>
              </value>
            </param>
          </params>
          <reporter-output>
          </reporter-output>
        </test-method> <!-- runScenario -->
        <test-method signature="runScenario(io.cucumber.testng.PickleWrapper,io.cucumber.testng.FeatureWrapper)[pri:0, instance:com.juaracoding.healthcare.definitions.runners.RunnersApp@4b2bac3f]" started-at="2025-09-04T13:45:25 WIB" name="runScenario" description="Runs Cucumber Scenarios" data-provider="scenarios" finished-at="2025-09-04T13:45:48 WIB" duration-ms="23407" status="PASS">
          <params>
            <param index="0">
              <value>
                <![CDATA["Validasi Melakukan Pemesanan Janji Temu"]]>
              </value>
            </param>
            <param index="1">
              <value>
                <![CDATA["CURA HEALTHCARE"]]>
              </value>
            </param>
          </params>
          <reporter-output>
          </reporter-output>
        </test-method> <!-- runScenario -->
        <test-method signature="runScenario(io.cucumber.testng.PickleWrapper,io.cucumber.testng.FeatureWrapper)[pri:0, instance:com.juaracoding.healthcare.definitions.runners.RunnersApp@4b2bac3f]" started-at="2025-09-04T13:45:48 WIB" name="runScenario" description="Runs Cucumber Scenarios" data-provider="scenarios" finished-at="2025-09-04T13:46:16 WIB" duration-ms="27802" status="PASS">
          <params>
            <param index="0">
              <value>
                <![CDATA["Log out from Aplikasi Cura Healthcare"]]>
              </value>
            </param>
            <param index="1">
              <value>
                <![CDATA["CURA HEALTHCARE"]]>
              </value>
            </param>
          </params>
          <reporter-output>
          </reporter-output>
        </test-method> <!-- runScenario -->
        <test-method signature="runScenario(io.cucumber.testng.PickleWrapper,io.cucumber.testng.FeatureWrapper)[pri:0, instance:com.juaracoding.healthcare.definitions.runners.RunnersApp@4b2bac3f]" started-at="2025-09-04T13:46:16 WIB" name="runScenario" description="Runs Cucumber Scenarios" data-provider="scenarios" finished-at="2025-09-04T13:46:39 WIB" duration-ms="22623" status="PASS">
          <params>
            <param index="0">
              <value>
                <![CDATA["Melakukan Scroll down"]]>
              </value>
            </param>
            <param index="1">
              <value>
                <![CDATA["CURA HEALTHCARE"]]>
              </value>
            </param>
          </params>
          <reporter-output>
          </reporter-output>
        </test-method> <!-- runScenario -->
        <test-method signature="runScenario(io.cucumber.testng.PickleWrapper,io.cucumber.testng.FeatureWrapper)[pri:0, instance:com.juaracoding.healthcare.definitions.runners.RunnersApp@4b2bac3f]" started-at="2025-09-04T13:46:39 WIB" name="runScenario" description="Runs Cucumber Scenarios" data-provider="scenarios" finished-at="2025-09-04T13:46:56 WIB" duration-ms="17128" status="PASS">
          <params>
            <param index="0">
              <value>
                <![CDATA["User melakukan pemesanan tanpa isi from"]]>
              </value>
            </param>
            <param index="1">
              <value>
                <![CDATA["CURA HEALTHCARE"]]>
              </value>
            </param>
          </params>
          <reporter-output>
          </reporter-output>
        </test-method> <!-- runScenario -->
        <test-method is-config="true" signature="tearDownClass()[pri:0, instance:com.juaracoding.healthcare.definitions.runners.RunnersApp@4b2bac3f]" started-at="2025-09-04T13:46:56 WIB" name="tearDownClass" finished-at="2025-09-04T13:47:15 WIB" duration-ms="19067" status="PASS">
          <reporter-output>
          </reporter-output>
        </test-method> <!-- tearDownClass -->
      </class> <!-- com.juaracoding.healthcare.definitions.runners.RunnersApp -->
    </test> <!-- SignIn and Orders -->
  </suite> <!-- CuraHealth Test -->
</testng-results>
