<?xml version="1.0" encoding="UTF-8"?>
<testng-results ignored="0" total="2" passed="2" failed="0" skipped="0">
  <reporter-output>
  </reporter-output>
  <suite started-at="2025-09-01T14:41:04 WIB" name="CuraHealth Test" finished-at="2025-09-01T14:42:13 WIB" duration-ms="68269">
    <groups>
      <group name="cucumber">
        <method signature="AbstractTestNGCucumberTests.runScenario(io.cucumber.testng.PickleWrapper,io.cucumber.testng.FeatureWrapper)[pri:0, instance:com.juaracoding.healthcare.definitions.runners.RunnersApp@4b2bac3f]" name="runScenario" class="io.cucumber.testng.AbstractTestNGCucumberTests"/>
      </group> <!-- cucumber -->
    </groups>
    <test started-at="2025-09-01T14:41:04 WIB" name="SignIn and Orders" finished-at="2025-09-01T14:42:13 WIB" duration-ms="68269">
      <class name="com.juaracoding.healthcare.definitions.runners.RunnersApp">
        <test-method is-config="true" signature="setUpClass(org.testng.ITestContext)[pri:0, instance:com.juaracoding.healthcare.definitions.runners.RunnersApp@4b2bac3f]" started-at="2025-09-01T14:41:04 WIB" name="setUpClass" finished-at="2025-09-01T14:41:07 WIB" duration-ms="2660" status="PASS">
          <params>
            <param index="0">
              <value>
                <![CDATA[org.testng.TestRunner@70d3cdbf]]>
              </value>
            </param>
          </params>
          <reporter-output>
          </reporter-output>
        </test-method> <!-- setUpClass -->
        <test-method signature="runScenario(io.cucumber.testng.PickleWrapper,io.cucumber.testng.FeatureWrapper)[pri:0, instance:com.juaracoding.healthcare.definitions.runners.RunnersApp@4b2bac3f]" started-at="2025-09-01T14:41:07 WIB" name="runScenario" description="Runs Cucumber Scenarios" data-provider="scenarios" finished-at="2025-09-01T14:41:32 WIB" duration-ms="25406" status="PASS">
          <params>
            <param index="0">
              <value>
                <![CDATA["Sign to Aplikasi Cura HEALTHCARE"]]>
              </value>
            </param>
            <param index="1">
              <value>
                <![CDATA["CURA HEALTHCARE"]]>
              </value>
            </param>
          </params>
          <reporter-output>
          </reporter-output>
        </test-method> <!-- runScenario -->
        <test-method signature="runScenario(io.cucumber.testng.PickleWrapper,io.cucumber.testng.FeatureWrapper)[pri:0, instance:com.juaracoding.healthcare.definitions.runners.RunnersApp@4b2bac3f]" started-at="2025-09-01T14:41:32 WIB" name="runScenario" description="Runs Cucumber Scenarios" data-provider="scenarios" finished-at="2025-09-01T14:42:04 WIB" duration-ms="31819" status="PASS">
          <params>
            <param index="0">
              <value>
                <![CDATA["Validasi Melakukan Pemesanan Janji Temu"]]>
              </value>
            </param>
            <param index="1">
              <value>
                <![CDATA["CURA HEALTHCARE"]]>
              </value>
            </param>
          </params>
          <reporter-output>
          </reporter-output>
        </test-method> <!-- runScenario -->
        <test-method is-config="true" signature="tearDownClass()[pri:0, instance:com.juaracoding.healthcare.definitions.runners.RunnersApp@4b2bac3f]" started-at="2025-09-01T14:42:04 WIB" name="tearDownClass" finished-at="2025-09-01T14:42:13 WIB" duration-ms="8281" status="PASS">
          <reporter-output>
          </reporter-output>
        </test-method> <!-- tearDownClass -->
      </class> <!-- com.juaracoding.healthcare.definitions.runners.RunnersApp -->
    </test> <!-- SignIn and Orders -->
  </suite> <!-- CuraHealth Test -->
</testng-results>
