<?xml version="1.0" encoding="UTF-8"?>
<testsuite xmlns:xsi="http://www.w3.org/2001/XMLSchema-instance" xsi:noNamespaceSchemaLocation="https://maven.apache.org/surefire/maven-surefire-plugin/xsd/surefire-test-report-3.0.xsd" version="3.0" name="TestSuite" time="28.366" tests="1" errors="0" skipped="0" failures="0">
  <properties>
[...]
</properties>
  <testcase name="runScenario[&quot;Navigasi ke halaman Profile&quot;, &quot;Profile Healthcare&quot;](1)" classname="com.juaracoding.healthcare.definitions.runners.RunnersApp" time="18.724">
    <system-out><![CDATA[
Scenario: Navigasi ke halaman Profile       &amp#27;[90m# src/test/resources/features/Profile.feature:8&amp#27;[0m
  &amp#27;[32mGiven &amp#27;[0m&amp#27;[32msaya dibawa ke halaman dashboard&amp#27;[0m    &amp#27;[90m# com.juaracoding.healthcare.definitions.profile.NavigateToProfileTest.step01()&amp#27;[0m
  &amp#27;[32mWhen &amp#27;[0m&amp#27;[32msaya menekan tombol menu di side bar&amp#27;[0m &amp#27;[90m# com.juaracoding.healthcare.definitions.profile.NavigateToProfileTest.step02()&amp#27;[0m
  &amp#27;[32mAnd &amp#27;[0m&amp#27;[32msaya menekan tombol menu profile&amp#27;[0m      &amp#27;[90m# com.juaracoding.healthcare.definitions.profile.NavigateToProfileTest.step03()&amp#27;[0m
  &amp#27;[32mThen &amp#27;[0m&amp#27;[32msaya sudah berada di halaman profile&amp#27;[0m &amp#27;[90m# com.juaracoding.healthcare.definitions.profile.NavigateToProfileTest.step04()&amp#27;[0m

    Embedding Navigasi ke halaman Profile [image/png 82271 bytes]

]]></system-out>
    <system-err><![CDATA[SLF4J(W): No SLF4J providers were found.
SLF4J(W): Defaulting to no-operation (NOP) logger implementation
SLF4J(W): See https://www.slf4j.org/codes.html#noProviders for further details.
]]></system-err>
  </testcase>
</testsuite>