<?xml version="1.0" encoding="UTF-8"?>
<testsuite xmlns:xsi="http://www.w3.org/2001/XMLSchema-instance" xsi:noNamespaceSchemaLocation="https://maven.apache.org/surefire/maven-surefire-plugin/xsd/surefire-test-report-3.0.xsd" version="3.0" name="TestSuite" time="506.452" tests="21" errors="0" skipped="0" failures="0">
  <properties>
[...]
</properties>
  <testcase name="runScenario[&quot;Negative Sign In Aplikasi Cura Healthcare&quot;, &quot;Cura Healthcare&quot;](1)" classname="com.juaracoding.healthcare.definitions.runners.RunnersApp" time="26.075">
    <system-out><![CDATA[
Scenario Outline: Negative Sign In Aplikasi Cura Healthcare                                                      &amp#27;[90m# src/test/resources/features/AuthCuraHealth.feature:16&amp#27;[0m
  &amp#27;[32mGiven &amp#27;[0m&amp#27;[32muser masuk ke halaman login.&amp#27;[0m                                                                             &amp#27;[90m# com.juaracoding.healthcare.definitions.authentications.NegativeAuthTest.step01()&amp#27;[0m

    Embedding Screenshot - Input Username : John Doe [image/png 38063 bytes]

  &amp#27;[32mWhen &amp#27;[0m&amp#27;[32mpengguna memasukkan username &amp#27;[0m&amp#27;[32m&amp#27;[1m"John Doe"&amp#27;[0m&amp#27;[32m.&amp#27;[0m                                                                  &amp#27;[90m# com.juaracoding.healthcare.definitions.authentications.NegativeAuthTest.step02(java.lang.String)&amp#27;[0m

    Embedding Screenshot - Input Password : ThisIsYesAPassword [image/png 39787 bytes]

  &amp#27;[32mAnd &amp#27;[0m&amp#27;[32mpengguna memasukkan password &amp#27;[0m&amp#27;[32m&amp#27;[1m"ThisIsYesAPassword"&amp#27;[0m&amp#27;[32m.&amp#27;[0m                                                         &amp#27;[90m# com.juaracoding.healthcare.definitions.authentications.NegativeAuthTest.step03(java.lang.String)&amp#27;[0m
  &amp#27;[32mAnd &amp#27;[0m&amp#27;[32mpengguna menekan tombol masuk.&amp#27;[0m                                                                             &amp#27;[90m# com.juaracoding.healthcare.definitions.authentications.NegativeAuthTest.step04()&amp#27;[0m

    Embedding Screenshot - Pesan Error : Login failed! Please ensure the username and password are valid. [image/png 38620 bytes]

  &amp#27;[32mThen &amp#27;[0m&amp#27;[32mpengguna akan melihat pesan kesalahan &amp#27;[0m&amp#27;[32m&amp#27;[1m"Login failed! Please ensure the username and password are valid."&amp#27;[0m&amp#27;[32m.&amp#27;[0m &amp#27;[90m# com.juaracoding.healthcare.definitions.authentications.NegativeAuthTest.step05(java.lang.String)&amp#27;[0m

    Embedding Negative Sign In Aplikasi Cura Healthcare [image/png 38856 bytes]

]]></system-out>
    <system-err><![CDATA[SLF4J(W): No SLF4J providers were found.
SLF4J(W): Defaulting to no-operation (NOP) logger implementation
SLF4J(W): See https://www.slf4j.org/codes.html#noProviders for further details.
]]></system-err>
  </testcase>
  <testcase name="runScenario[&quot;Negative Sign In Aplikasi Cura Healthcare&quot;, &quot;Cura Healthcare&quot;](2)" classname="com.juaracoding.healthcare.definitions.runners.RunnersApp" time="21.443">
    <system-out><![CDATA[
Scenario Outline: Negative Sign In Aplikasi Cura Healthcare                                                      &amp#27;[90m# src/test/resources/features/AuthCuraHealth.feature:17&amp#27;[0m
  &amp#27;[32mGiven &amp#27;[0m&amp#27;[32muser masuk ke halaman login.&amp#27;[0m                                                                             &amp#27;[90m# com.juaracoding.healthcare.definitions.authentications.NegativeAuthTest.step01()&amp#27;[0m

    Embedding Screenshot - Input Username : John Lade [image/png 38136 bytes]

  &amp#27;[32mWhen &amp#27;[0m&amp#27;[32mpengguna memasukkan username &amp#27;[0m&amp#27;[32m&amp#27;[1m"John Lade"&amp#27;[0m&amp#27;[32m.&amp#27;[0m                                                                 &amp#27;[90m# com.juaracoding.healthcare.definitions.authentications.NegativeAuthTest.step02(java.lang.String)&amp#27;[0m

    Embedding Screenshot - Input Password : 123ijii [image/png 39409 bytes]

  &amp#27;[32mAnd &amp#27;[0m&amp#27;[32mpengguna memasukkan password &amp#27;[0m&amp#27;[32m&amp#27;[1m"123ijii"&amp#27;[0m&amp#27;[32m.&amp#27;[0m                                                                    &amp#27;[90m# com.juaracoding.healthcare.definitions.authentications.NegativeAuthTest.step03(java.lang.String)&amp#27;[0m
  &amp#27;[32mAnd &amp#27;[0m&amp#27;[32mpengguna menekan tombol masuk.&amp#27;[0m                                                                             &amp#27;[90m# com.juaracoding.healthcare.definitions.authentications.NegativeAuthTest.step04()&amp#27;[0m

    Embedding Screenshot - Pesan Error : Login failed! Please ensure the username and password are valid. [image/png 38636 bytes]

  &amp#27;[32mThen &amp#27;[0m&amp#27;[32mpengguna akan melihat pesan kesalahan &amp#27;[0m&amp#27;[32m&amp#27;[1m"Login failed! Please ensure the username and password are valid."&amp#27;[0m&amp#27;[32m.&amp#27;[0m &amp#27;[90m# com.juaracoding.healthcare.definitions.authentications.NegativeAuthTest.step05(java.lang.String)&amp#27;[0m

    Embedding Negative Sign In Aplikasi Cura Healthcare [image/png 39000 bytes]

]]></system-out>
  </testcase>
  <testcase name="runScenario[&quot;Negative Sign In Aplikasi Cura Healthcare&quot;, &quot;Cura Healthcare&quot;](3)" classname="com.juaracoding.healthcare.definitions.runners.RunnersApp" time="20.844">
    <system-out><![CDATA[
Scenario Outline: Negative Sign In Aplikasi Cura Healthcare                                                      &amp#27;[90m# src/test/resources/features/AuthCuraHealth.feature:18&amp#27;[0m
  &amp#27;[32mGiven &amp#27;[0m&amp#27;[32muser masuk ke halaman login.&amp#27;[0m                                                                             &amp#27;[90m# com.juaracoding.healthcare.definitions.authentications.NegativeAuthTest.step01()&amp#27;[0m

    Embedding Screenshot - Input Username :  [image/png 37911 bytes]

  &amp#27;[32mWhen &amp#27;[0m&amp#27;[32mpengguna memasukkan username &amp#27;[0m&amp#27;[32m&amp#27;[1m""&amp#27;[0m&amp#27;[32m.&amp#27;[0m                                                                          &amp#27;[90m# com.juaracoding.healthcare.definitions.authentications.NegativeAuthTest.step02(java.lang.String)&amp#27;[0m

    Embedding Screenshot - Input Password : ThisIsNotAPassword [image/png 39002 bytes]

  &amp#27;[32mAnd &amp#27;[0m&amp#27;[32mpengguna memasukkan password &amp#27;[0m&amp#27;[32m&amp#27;[1m"ThisIsNotAPassword"&amp#27;[0m&amp#27;[32m.&amp#27;[0m                                                         &amp#27;[90m# com.juaracoding.healthcare.definitions.authentications.NegativeAuthTest.step03(java.lang.String)&amp#27;[0m
  &amp#27;[32mAnd &amp#27;[0m&amp#27;[32mpengguna menekan tombol masuk.&amp#27;[0m                                                                             &amp#27;[90m# com.juaracoding.healthcare.definitions.authentications.NegativeAuthTest.step04()&amp#27;[0m

    Embedding Screenshot - Pesan Error : Login failed! Please ensure the username and password are valid. [image/png 38639 bytes]

  &amp#27;[32mThen &amp#27;[0m&amp#27;[32mpengguna akan melihat pesan kesalahan &amp#27;[0m&amp#27;[32m&amp#27;[1m"Login failed! Please ensure the username and password are valid."&amp#27;[0m&amp#27;[32m.&amp#27;[0m &amp#27;[90m# com.juaracoding.healthcare.definitions.authentications.NegativeAuthTest.step05(java.lang.String)&amp#27;[0m

    Embedding Negative Sign In Aplikasi Cura Healthcare [image/png 38682 bytes]

]]></system-out>
  </testcase>
  <testcase name="runScenario[&quot;Negative Sign In Aplikasi Cura Healthcare&quot;, &quot;Cura Healthcare&quot;](4)" classname="com.juaracoding.healthcare.definitions.runners.RunnersApp" time="24.66">
    <system-out><![CDATA[
Scenario Outline: Negative Sign In Aplikasi Cura Healthcare                                                      &amp#27;[90m# src/test/resources/features/AuthCuraHealth.feature:19&amp#27;[0m
  &amp#27;[32mGiven &amp#27;[0m&amp#27;[32muser masuk ke halaman login.&amp#27;[0m                                                                             &amp#27;[90m# com.juaracoding.healthcare.definitions.authentications.NegativeAuthTest.step01()&amp#27;[0m

    Embedding Screenshot - Input Username : John Doe [image/png 38670 bytes]

  &amp#27;[32mWhen &amp#27;[0m&amp#27;[32mpengguna memasukkan username &amp#27;[0m&amp#27;[32m&amp#27;[1m"John Doe"&amp#27;[0m&amp#27;[32m.&amp#27;[0m                                                                  &amp#27;[90m# com.juaracoding.healthcare.definitions.authentications.NegativeAuthTest.step02(java.lang.String)&amp#27;[0m

    Embedding Screenshot - Input Password :  [image/png 40232 bytes]

  &amp#27;[32mAnd &amp#27;[0m&amp#27;[32mpengguna memasukkan password &amp#27;[0m&amp#27;[32m&amp#27;[1m""&amp#27;[0m&amp#27;[32m.&amp#27;[0m                                                                           &amp#27;[90m# com.juaracoding.healthcare.definitions.authentications.NegativeAuthTest.step03(java.lang.String)&amp#27;[0m
  &amp#27;[32mAnd &amp#27;[0m&amp#27;[32mpengguna menekan tombol masuk.&amp#27;[0m                                                                             &amp#27;[90m# com.juaracoding.healthcare.definitions.authentications.NegativeAuthTest.step04()&amp#27;[0m

    Embedding Screenshot - Pesan Error : Login failed! Please ensure the username and password are valid. [image/png 38613 bytes]

  &amp#27;[32mThen &amp#27;[0m&amp#27;[32mpengguna akan melihat pesan kesalahan &amp#27;[0m&amp#27;[32m&amp#27;[1m"Login failed! Please ensure the username and password are valid."&amp#27;[0m&amp#27;[32m.&amp#27;[0m &amp#27;[90m# com.juaracoding.healthcare.definitions.authentications.NegativeAuthTest.step05(java.lang.String)&amp#27;[0m

    Embedding Negative Sign In Aplikasi Cura Healthcare [image/png 38626 bytes]

]]></system-out>
  </testcase>
  <testcase name="runScenario[&quot;Negative Sign In Aplikasi Cura Healthcare&quot;, &quot;Cura Healthcare&quot;](5)" classname="com.juaracoding.healthcare.definitions.runners.RunnersApp" time="17.128">
    <system-out><![CDATA[
Scenario Outline: Negative Sign In Aplikasi Cura Healthcare                                                      &amp#27;[90m# src/test/resources/features/AuthCuraHealth.feature:20&amp#27;[0m
  &amp#27;[32mGiven &amp#27;[0m&amp#27;[32muser masuk ke halaman login.&amp#27;[0m                                                                             &amp#27;[90m# com.juaracoding.healthcare.definitions.authentications.NegativeAuthTest.step01()&amp#27;[0m

    Embedding Screenshot - Input Username :  [image/png 37809 bytes]

  &amp#27;[32mWhen &amp#27;[0m&amp#27;[32mpengguna memasukkan username &amp#27;[0m&amp#27;[32m&amp#27;[1m""&amp#27;[0m&amp#27;[32m.&amp#27;[0m                                                                          &amp#27;[90m# com.juaracoding.healthcare.definitions.authentications.NegativeAuthTest.step02(java.lang.String)&amp#27;[0m

    Embedding Screenshot - Input Password :  [image/png 39426 bytes]

  &amp#27;[32mAnd &amp#27;[0m&amp#27;[32mpengguna memasukkan password &amp#27;[0m&amp#27;[32m&amp#27;[1m""&amp#27;[0m&amp#27;[32m.&amp#27;[0m                                                                           &amp#27;[90m# com.juaracoding.healthcare.definitions.authentications.NegativeAuthTest.step03(java.lang.String)&amp#27;[0m
  &amp#27;[32mAnd &amp#27;[0m&amp#27;[32mpengguna menekan tombol masuk.&amp#27;[0m                                                                             &amp#27;[90m# com.juaracoding.healthcare.definitions.authentications.NegativeAuthTest.step04()&amp#27;[0m

    Embedding Screenshot - Pesan Error : Login failed! Please ensure the username and password are valid. [image/png 38618 bytes]

  &amp#27;[32mThen &amp#27;[0m&amp#27;[32mpengguna akan melihat pesan kesalahan &amp#27;[0m&amp#27;[32m&amp#27;[1m"Login failed! Please ensure the username and password are valid."&amp#27;[0m&amp#27;[32m.&amp#27;[0m &amp#27;[90m# com.juaracoding.healthcare.definitions.authentications.NegativeAuthTest.step05(java.lang.String)&amp#27;[0m

    Embedding Negative Sign In Aplikasi Cura Healthcare [image/png 38629 bytes]

]]></system-out>
  </testcase>
  <testcase name="runScenario[&quot;Navigasi ke Halaman History&quot;, &quot;History menu&quot;](6)" classname="com.juaracoding.healthcare.definitions.runners.RunnersApp" time="20.593">
    <system-out><![CDATA[
Scenario: Navigasi ke Halaman History          &amp#27;[90m# src/test/resources/features/History.feature:5&amp#27;[0m
  &amp#27;[32mGiven &amp#27;[0m&amp#27;[32muser dibawa ke halaman history&amp#27;[0m         &amp#27;[90m# com.juaracoding.healthcare.definitions.history.NavigateToHistorySteps.step01()&amp#27;[0m
  &amp#27;[32mThen &amp#27;[0m&amp#27;[32muser melihat halaman history &amp#27;[0m&amp#27;[32m&amp#27;[1m"History"&amp#27;[0m&amp#27;[32m.&amp#27;[0m &amp#27;[90m# com.juaracoding.healthcare.definitions.history.NavigateToHistorySteps.step02(java.lang.String)&amp#27;[0m

    Embedding Navigasi ke Halaman History [image/png 34811 bytes]

]]></system-out>
  </testcase>
  <testcase name="runScenario[&quot;Navigasi From History go to Home Page&quot;, &quot;History menu&quot;](7)" classname="com.juaracoding.healthcare.definitions.runners.RunnersApp" time="22.995">
    <system-out><![CDATA[
Scenario: Navigasi From History go to Home Page &amp#27;[90m# src/test/resources/features/History.feature:9&amp#27;[0m
  &amp#27;[32mGiven &amp#27;[0m&amp#27;[32muser berada di halaman History&amp#27;[0m          &amp#27;[90m# com.juaracoding.healthcare.definitions.history.NavigateHistoryToHome.step01()&amp#27;[0m
  &amp#27;[32mWhen &amp#27;[0m&amp#27;[32muser menekan tombol Go To Homepage&amp#27;[0m       &amp#27;[90m# com.juaracoding.healthcare.definitions.history.NavigateHistoryToHome.step02()&amp#27;[0m
  &amp#27;[32mThen &amp#27;[0m&amp#27;[32muser sudah berada di halaman Home&amp#27;[0m        &amp#27;[90m# com.juaracoding.healthcare.definitions.history.NavigateHistoryToHome.step03()&amp#27;[0m

    Embedding Navigasi From History go to Home Page [image/png 1106800 bytes]

]]></system-out>
  </testcase>
  <testcase name="runScenario[&quot;Negative : User melihat tidak ada form data Appointment di History&quot;, &quot;History menu&quot;](8)" classname="com.juaracoding.healthcare.definitions.runners.RunnersApp" time="21.11">
    <system-out><![CDATA[
Scenario: Negative : User melihat tidak ada form data Appointment di History   &amp#27;[90m# src/test/resources/features/History.feature:14&amp#27;[0m
  &amp#27;[32mGiven &amp#27;[0m&amp#27;[32muser berada di halaman dashboard.&amp#27;[0m                                      &amp#27;[90m# com.juaracoding.healthcare.definitions.history.NegativeHistoryNoData.step01()&amp#27;[0m
  &amp#27;[32mWhen &amp#27;[0m&amp#27;[32muser klik tombol menu samping&amp#27;[0m                                           &amp#27;[90m# com.juaracoding.healthcare.definitions.history.NegativeHistoryNoData.step02()&amp#27;[0m
  &amp#27;[32mAnd &amp#27;[0m&amp#27;[32muser klik menu History&amp#27;[0m                                                   &amp#27;[90m# com.juaracoding.healthcare.definitions.history.NegativeHistoryNoData.step03()&amp#27;[0m
  &amp#27;[32mThen &amp#27;[0m&amp#27;[32muser berada di halaman history tanpa data Appointment &amp#27;[0m&amp#27;[32m&amp#27;[1m"No appointment."&amp#27;[0m &amp#27;[90m# com.juaracoding.healthcare.definitions.history.NegativeHistoryNoData.step04(java.lang.String)&amp#27;[0m

    Embedding Negative : User melihat tidak ada form data Appointment di History [image/png 34812 bytes]

]]></system-out>
  </testcase>
  <testcase name="runScenario[&quot;Validasi Menampilkan Riwayat Pengajuan di Halaman History by Date&quot;, &quot;History menu&quot;](9)" classname="com.juaracoding.healthcare.definitions.runners.RunnersApp" time="22.693">
    <system-out><![CDATA[
Scenario: Validasi Menampilkan Riwayat Pengajuan di Halaman History by Date                             &amp#27;[90m# src/test/resources/features/History.feature:29&amp#27;[0m
  &amp#27;[32mGiven &amp#27;[0m&amp#27;[32mpengguna berada di halaman dashboard&amp#27;[0m                                                            &amp#27;[90m# com.juaracoding.healthcare.definitions.history.ValidationHistorySteps.step01()&amp#27;[0m
  &amp#27;[32mWhen &amp#27;[0m&amp#27;[32mpengguna melakukan submit data &amp#27;[0m&amp#27;[32m&amp#27;[1m"Hongkong CURA Healthcare Center"&amp#27;[0m&amp#27;[32m dan &amp#27;[0m&amp#27;[32m&amp#27;[1m"dadada"&amp#27;[0m&amp#27;[32m serta &amp#27;[0m&amp#27;[32m&amp#27;[1m"30/09/2025"&amp#27;[0m &amp#27;[90m# com.juaracoding.healthcare.definitions.history.ValidationHistorySteps.step02(java.lang.String,java.lang.String,java.lang.String)&amp#27;[0m

    Embedding Screenshot - dataAppoinment [image/png 54875 bytes]

  &amp#27;[32mAnd &amp#27;[0m&amp#27;[32muser klik tombol booking Appoinment&amp#27;[0m                                                               &amp#27;[90m# com.juaracoding.healthcare.definitions.history.ValidationHistorySteps.step03()&amp#27;[0m
  &amp#27;[32mAnd &amp#27;[0m&amp#27;[32muser klik menu History di side bar&amp#27;[0m                                                                &amp#27;[90m# com.juaracoding.healthcare.definitions.history.ValidationHistorySteps.step04()&amp#27;[0m
  &amp#27;[32mThen &amp#27;[0m&amp#27;[32muser berada di halaman History dan data history tersedia &amp#27;[0m&amp#27;[32m&amp#27;[1m"30/09/2025"&amp#27;[0m                            &amp#27;[90m# com.juaracoding.healthcare.definitions.history.ValidationHistorySteps.step05(java.lang.String)&amp#27;[0m

    Embedding Validasi Menampilkan Riwayat Pengajuan di Halaman History by Date [image/png 37750 bytes]

]]></system-out>
  </testcase>
  <testcase name="runScenario[&quot;Validasi Menampilkan Riwayat Pengajuan di Halaman History by Date&quot;, &quot;History menu&quot;](10)" classname="com.juaracoding.healthcare.definitions.runners.RunnersApp" time="25.432">
    <system-out><![CDATA[
Scenario: Validasi Menampilkan Riwayat Pengajuan di Halaman History by Date                           &amp#27;[90m# src/test/resources/features/History.feature:30&amp#27;[0m
  &amp#27;[32mGiven &amp#27;[0m&amp#27;[32mpengguna berada di halaman dashboard&amp#27;[0m                                                          &amp#27;[90m# com.juaracoding.healthcare.definitions.history.ValidationHistorySteps.step01()&amp#27;[0m
  &amp#27;[32mWhen &amp#27;[0m&amp#27;[32mpengguna melakukan submit data &amp#27;[0m&amp#27;[32m&amp#27;[1m"Tokyo CURA Healthcare Center"&amp#27;[0m&amp#27;[32m dan &amp#27;[0m&amp#27;[32m&amp#27;[1m"test123"&amp#27;[0m&amp#27;[32m serta &amp#27;[0m&amp#27;[32m&amp#27;[1m"20/10/2025"&amp#27;[0m &amp#27;[90m# com.juaracoding.healthcare.definitions.history.ValidationHistorySteps.step02(java.lang.String,java.lang.String,java.lang.String)&amp#27;[0m

    Embedding Screenshot - dataAppoinment [image/png 54663 bytes]

  &amp#27;[32mAnd &amp#27;[0m&amp#27;[32muser klik tombol booking Appoinment&amp#27;[0m                                                             &amp#27;[90m# com.juaracoding.healthcare.definitions.history.ValidationHistorySteps.step03()&amp#27;[0m
  &amp#27;[32mAnd &amp#27;[0m&amp#27;[32muser klik menu History di side bar&amp#27;[0m                                                              &amp#27;[90m# com.juaracoding.healthcare.definitions.history.ValidationHistorySteps.step04()&amp#27;[0m
  &amp#27;[32mThen &amp#27;[0m&amp#27;[32muser berada di halaman History dan data history tersedia &amp#27;[0m&amp#27;[32m&amp#27;[1m"20/10/2025"&amp#27;[0m                          &amp#27;[90m# com.juaracoding.healthcare.definitions.history.ValidationHistorySteps.step05(java.lang.String)&amp#27;[0m

    Embedding Validasi Menampilkan Riwayat Pengajuan di Halaman History by Date [image/png 37709 bytes]

]]></system-out>
  </testcase>
  <testcase name="runScenario[&quot;Validasi Menampilkan Riwayat Pengajuan di Halaman History by Date&quot;, &quot;History menu&quot;](11)" classname="com.juaracoding.healthcare.definitions.runners.RunnersApp" time="23.991">
    <system-out><![CDATA[
Scenario: Validasi Menampilkan Riwayat Pengajuan di Halaman History by Date                           &amp#27;[90m# src/test/resources/features/History.feature:31&amp#27;[0m
  &amp#27;[32mGiven &amp#27;[0m&amp#27;[32mpengguna berada di halaman dashboard&amp#27;[0m                                                          &amp#27;[90m# com.juaracoding.healthcare.definitions.history.ValidationHistorySteps.step01()&amp#27;[0m
  &amp#27;[32mWhen &amp#27;[0m&amp#27;[32mpengguna melakukan submit data &amp#27;[0m&amp#27;[32m&amp#27;[1m"Seoul CURA Healthcare Center"&amp#27;[0m&amp#27;[32m dan &amp#27;[0m&amp#27;[32m&amp#27;[1m"kwkwkwk"&amp#27;[0m&amp#27;[32m serta &amp#27;[0m&amp#27;[32m&amp#27;[1m"18/11/2025"&amp#27;[0m &amp#27;[90m# com.juaracoding.healthcare.definitions.history.ValidationHistorySteps.step02(java.lang.String,java.lang.String,java.lang.String)&amp#27;[0m

    Embedding Screenshot - dataAppoinment [image/png 54525 bytes]

  &amp#27;[32mAnd &amp#27;[0m&amp#27;[32muser klik tombol booking Appoinment&amp#27;[0m                                                             &amp#27;[90m# com.juaracoding.healthcare.definitions.history.ValidationHistorySteps.step03()&amp#27;[0m
  &amp#27;[32mAnd &amp#27;[0m&amp#27;[32muser klik menu History di side bar&amp#27;[0m                                                              &amp#27;[90m# com.juaracoding.healthcare.definitions.history.ValidationHistorySteps.step04()&amp#27;[0m
  &amp#27;[32mThen &amp#27;[0m&amp#27;[32muser berada di halaman History dan data history tersedia &amp#27;[0m&amp#27;[32m&amp#27;[1m"18/11/2025"&amp#27;[0m                          &amp#27;[90m# com.juaracoding.healthcare.definitions.history.ValidationHistorySteps.step05(java.lang.String)&amp#27;[0m

    Embedding Validasi Menampilkan Riwayat Pengajuan di Halaman History by Date [image/png 37246 bytes]

]]></system-out>
  </testcase>
  <testcase name="runScenario[&quot;Validasi Riwayat History dengan labels dan value&quot;, &quot;History menu&quot;](12)" classname="com.juaracoding.healthcare.definitions.runners.RunnersApp" time="26.054">
    <system-out><![CDATA[
Scenario Outline: Validasi Riwayat History dengan labels dan value                                                             &amp#27;[90m# src/test/resources/features/History.feature:42&amp#27;[0m
  &amp#27;[32mGiven &amp#27;[0m&amp#27;[32mpengguna ada di halaman dashboard.&amp#27;[0m                                                                                     &amp#27;[90m# com.juaracoding.healthcare.definitions.history.ValidationLabelsValueSteps.step01()&amp#27;[0m
  &amp#27;[32mWhen &amp#27;[0m&amp#27;[32mpengguna mengisi form data, facility &amp#27;[0m&amp#27;[32m&amp#27;[1m"Hongkong CURA Healthcare Center"&amp#27;[0m&amp#27;[32m, tgl &amp#27;[0m&amp#27;[32m&amp#27;[1m"10/10/2025"&amp#27;[0m&amp#27;[32m, keterangan &amp#27;[0m&amp#27;[32m&amp#27;[1m"labels_value"&amp#27;[0m&amp#27;[32m.&amp#27;[0m    &amp#27;[90m# com.juaracoding.healthcare.definitions.history.ValidationLabelsValueSteps.step02(java.lang.String,java.lang.String,java.lang.String)&amp#27;[0m

    Embedding Screenshot - FormData [image/png 54968 bytes]

  &amp#27;[32mAnd &amp#27;[0m&amp#27;[32mpengguna menekan tombol booking Appoinment&amp#27;[0m                                                                               &amp#27;[90m# com.juaracoding.healthcare.definitions.history.ValidationLabelsValueSteps.step03()&amp#27;[0m
  &amp#27;[32mAnd &amp#27;[0m&amp#27;[32mpengguna menekan menu History di side bar&amp#27;[0m                                                                                &amp#27;[90m# com.juaracoding.healthcare.definitions.history.ValidationLabelsValueSteps.step04()&amp#27;[0m
  &amp#27;[32mThen &amp#27;[0m&amp#27;[32mpengguna berada di halaman History dan melihat data &amp#27;[0m&amp#27;[32m&amp#27;[1m"Facility"&amp#27;[0m&amp#27;[32m dengan nilai &amp#27;[0m&amp#27;[32m&amp#27;[1m"Hongkong CURA Healthcare Center"&amp#27;[0m&amp#27;[32m tersedia.&amp#27;[0m &amp#27;[90m# com.juaracoding.healthcare.definitions.history.ValidationLabelsValueSteps.step05(java.lang.String,java.lang.String)&amp#27;[0m

    Embedding Validasi Riwayat History dengan labels dan value [image/png 38049 bytes]

]]></system-out>
  </testcase>
  <testcase name="runScenario[&quot;Validasi Riwayat History dengan labels dan value&quot;, &quot;History menu&quot;](13)" classname="com.juaracoding.healthcare.definitions.runners.RunnersApp" time="24.019">
    <system-out><![CDATA[
Scenario Outline: Validasi Riwayat History dengan labels dan value                                                          &amp#27;[90m# src/test/resources/features/History.feature:43&amp#27;[0m
  &amp#27;[32mGiven &amp#27;[0m&amp#27;[32mpengguna ada di halaman dashboard.&amp#27;[0m                                                                                  &amp#27;[90m# com.juaracoding.healthcare.definitions.history.ValidationLabelsValueSteps.step01()&amp#27;[0m
  &amp#27;[32mWhen &amp#27;[0m&amp#27;[32mpengguna mengisi form data, facility &amp#27;[0m&amp#27;[32m&amp#27;[1m"Hongkong CURA Healthcare Center"&amp#27;[0m&amp#27;[32m, tgl &amp#27;[0m&amp#27;[32m&amp#27;[1m"10/10/2025"&amp#27;[0m&amp#27;[32m, keterangan &amp#27;[0m&amp#27;[32m&amp#27;[1m"labels_value"&amp#27;[0m&amp#27;[32m.&amp#27;[0m &amp#27;[90m# com.juaracoding.healthcare.definitions.history.ValidationLabelsValueSteps.step02(java.lang.String,java.lang.String,java.lang.String)&amp#27;[0m

    Embedding Screenshot - FormData [image/png 54968 bytes]

  &amp#27;[32mAnd &amp#27;[0m&amp#27;[32mpengguna menekan tombol booking Appoinment&amp#27;[0m                                                                            &amp#27;[90m# com.juaracoding.healthcare.definitions.history.ValidationLabelsValueSteps.step03()&amp#27;[0m
  &amp#27;[32mAnd &amp#27;[0m&amp#27;[32mpengguna menekan menu History di side bar&amp#27;[0m                                                                             &amp#27;[90m# com.juaracoding.healthcare.definitions.history.ValidationLabelsValueSteps.step04()&amp#27;[0m
  &amp#27;[32mThen &amp#27;[0m&amp#27;[32mpengguna berada di halaman History dan melihat data &amp#27;[0m&amp#27;[32m&amp#27;[1m"Apply for hospital readmission"&amp#27;[0m&amp#27;[32m dengan nilai &amp#27;[0m&amp#27;[32m&amp#27;[1m"Yes"&amp#27;[0m&amp#27;[32m tersedia.&amp#27;[0m    &amp#27;[90m# com.juaracoding.healthcare.definitions.history.ValidationLabelsValueSteps.step05(java.lang.String,java.lang.String)&amp#27;[0m

    Embedding Validasi Riwayat History dengan labels dan value [image/png 38095 bytes]

]]></system-out>
  </testcase>
  <testcase name="runScenario[&quot;Validasi Riwayat History dengan labels dan value&quot;, &quot;History menu&quot;](14)" classname="com.juaracoding.healthcare.definitions.runners.RunnersApp" time="24.032">
    <system-out><![CDATA[
Scenario Outline: Validasi Riwayat History dengan labels dan value                                                          &amp#27;[90m# src/test/resources/features/History.feature:44&amp#27;[0m
  &amp#27;[32mGiven &amp#27;[0m&amp#27;[32mpengguna ada di halaman dashboard.&amp#27;[0m                                                                                  &amp#27;[90m# com.juaracoding.healthcare.definitions.history.ValidationLabelsValueSteps.step01()&amp#27;[0m
  &amp#27;[32mWhen &amp#27;[0m&amp#27;[32mpengguna mengisi form data, facility &amp#27;[0m&amp#27;[32m&amp#27;[1m"Hongkong CURA Healthcare Center"&amp#27;[0m&amp#27;[32m, tgl &amp#27;[0m&amp#27;[32m&amp#27;[1m"10/10/2025"&amp#27;[0m&amp#27;[32m, keterangan &amp#27;[0m&amp#27;[32m&amp#27;[1m"labels_value"&amp#27;[0m&amp#27;[32m.&amp#27;[0m &amp#27;[90m# com.juaracoding.healthcare.definitions.history.ValidationLabelsValueSteps.step02(java.lang.String,java.lang.String,java.lang.String)&amp#27;[0m

    Embedding Screenshot - FormData [image/png 54968 bytes]

  &amp#27;[32mAnd &amp#27;[0m&amp#27;[32mpengguna menekan tombol booking Appoinment&amp#27;[0m                                                                            &amp#27;[90m# com.juaracoding.healthcare.definitions.history.ValidationLabelsValueSteps.step03()&amp#27;[0m
  &amp#27;[32mAnd &amp#27;[0m&amp#27;[32mpengguna menekan menu History di side bar&amp#27;[0m                                                                             &amp#27;[90m# com.juaracoding.healthcare.definitions.history.ValidationLabelsValueSteps.step04()&amp#27;[0m
  &amp#27;[32mThen &amp#27;[0m&amp#27;[32mpengguna berada di halaman History dan melihat data &amp#27;[0m&amp#27;[32m&amp#27;[1m"Healthcare Program"&amp#27;[0m&amp#27;[32m dengan nilai &amp#27;[0m&amp#27;[32m&amp#27;[1m"Medicare"&amp#27;[0m&amp#27;[32m tersedia.&amp#27;[0m           &amp#27;[90m# com.juaracoding.healthcare.definitions.history.ValidationLabelsValueSteps.step05(java.lang.String,java.lang.String)&amp#27;[0m

    Embedding Validasi Riwayat History dengan labels dan value [image/png 38387 bytes]

]]></system-out>
  </testcase>
  <testcase name="runScenario[&quot;Validasi Riwayat History dengan labels dan value&quot;, &quot;History menu&quot;](15)" classname="com.juaracoding.healthcare.definitions.runners.RunnersApp" time="29.1">
    <system-out><![CDATA[
Scenario Outline: Validasi Riwayat History dengan labels dan value                                                          &amp#27;[90m# src/test/resources/features/History.feature:45&amp#27;[0m
  &amp#27;[32mGiven &amp#27;[0m&amp#27;[32mpengguna ada di halaman dashboard.&amp#27;[0m                                                                                  &amp#27;[90m# com.juaracoding.healthcare.definitions.history.ValidationLabelsValueSteps.step01()&amp#27;[0m
  &amp#27;[32mWhen &amp#27;[0m&amp#27;[32mpengguna mengisi form data, facility &amp#27;[0m&amp#27;[32m&amp#27;[1m"Hongkong CURA Healthcare Center"&amp#27;[0m&amp#27;[32m, tgl &amp#27;[0m&amp#27;[32m&amp#27;[1m"10/10/2025"&amp#27;[0m&amp#27;[32m, keterangan &amp#27;[0m&amp#27;[32m&amp#27;[1m"labels_value"&amp#27;[0m&amp#27;[32m.&amp#27;[0m &amp#27;[90m# com.juaracoding.healthcare.definitions.history.ValidationLabelsValueSteps.step02(java.lang.String,java.lang.String,java.lang.String)&amp#27;[0m

    Embedding Screenshot - FormData [image/png 54968 bytes]

  &amp#27;[32mAnd &amp#27;[0m&amp#27;[32mpengguna menekan tombol booking Appoinment&amp#27;[0m                                                                            &amp#27;[90m# com.juaracoding.healthcare.definitions.history.ValidationLabelsValueSteps.step03()&amp#27;[0m
  &amp#27;[32mAnd &amp#27;[0m&amp#27;[32mpengguna menekan menu History di side bar&amp#27;[0m                                                                             &amp#27;[90m# com.juaracoding.healthcare.definitions.history.ValidationLabelsValueSteps.step04()&amp#27;[0m
  &amp#27;[32mThen &amp#27;[0m&amp#27;[32mpengguna berada di halaman History dan melihat data &amp#27;[0m&amp#27;[32m&amp#27;[1m"Comment"&amp#27;[0m&amp#27;[32m dengan nilai &amp#27;[0m&amp#27;[32m&amp#27;[1m"labels_value"&amp#27;[0m&amp#27;[32m tersedia.&amp#27;[0m                  &amp#27;[90m# com.juaracoding.healthcare.definitions.history.ValidationLabelsValueSteps.step05(java.lang.String,java.lang.String)&amp#27;[0m

    Embedding Validasi Riwayat History dengan labels dan value [image/png 38325 bytes]

]]></system-out>
  </testcase>
  <testcase name="runScenario[&quot;Navigasi ke halaman Profile&quot;, &quot;Profile Healthcare&quot;](16)" classname="com.juaracoding.healthcare.definitions.runners.RunnersApp" time="21.757">
    <system-out><![CDATA[
Scenario: Navigasi ke halaman Profile       &amp#27;[90m# src/test/resources/features/Profile.feature:8&amp#27;[0m
  &amp#27;[32mGiven &amp#27;[0m&amp#27;[32msaya dibawa ke halaman dashboard&amp#27;[0m    &amp#27;[90m# com.juaracoding.healthcare.definitions.profile.NavigateToProfileTest.step01()&amp#27;[0m
  &amp#27;[32mWhen &amp#27;[0m&amp#27;[32msaya menekan tombol menu di side bar&amp#27;[0m &amp#27;[90m# com.juaracoding.healthcare.definitions.profile.NavigateToProfileTest.step02()&amp#27;[0m
  &amp#27;[32mAnd &amp#27;[0m&amp#27;[32msaya menekan tombol menu profile&amp#27;[0m      &amp#27;[90m# com.juaracoding.healthcare.definitions.profile.NavigateToProfileTest.step03()&amp#27;[0m
  &amp#27;[32mThen &amp#27;[0m&amp#27;[32msaya sudah berada di halaman profile&amp#27;[0m &amp#27;[90m# com.juaracoding.healthcare.definitions.profile.NavigateToProfileTest.step04()&amp#27;[0m

    Embedding Navigasi ke halaman Profile [image/png 57764 bytes]

]]></system-out>
  </testcase>
  <testcase name="runScenario[&quot;Sign to Aplikasi Cura HEALTHCARE&quot;, &quot;CURA HEALTHCARE&quot;](17)" classname="com.juaracoding.healthcare.definitions.runners.RunnersApp" time="20.053">
    <system-out><![CDATA[
Scenario: Sign to Aplikasi Cura HEALTHCARE                                                      &amp#27;[90m# src/test/resources/features/curahealt.feature:7&amp#27;[0m
  &amp#27;[32mGiven &amp#27;[0m&amp#27;[32mpengguna masuk ke halaman login.&amp#27;[0m                                                        &amp#27;[90m# com.juaracoding.healthcare.definitions.authentications.LoginTest.step01()&amp#27;[0m
  &amp#27;[32mWhen &amp#27;[0m&amp#27;[32muser klik button make appointment&amp#27;[0m                                                        &amp#27;[90m# com.juaracoding.healthcare.definitions.authentications.LoginTest.step02()&amp#27;[0m
  &amp#27;[32mAnd &amp#27;[0m&amp#27;[32muser melakukan login dengan username dan password&amp#27;[0m                                         &amp#27;[90m# com.juaracoding.healthcare.definitions.authentications.LoginTest.step03()&amp#27;[0m
  &amp#27;[32mThen &amp#27;[0m&amp#27;[32muser di bawa kehalaman dengan url &amp#27;[0m&amp#27;[32m&amp#27;[1m"https://katalon-demo-cura.herokuapp.com/#appointment"&amp#27;[0m &amp#27;[90m# com.juaracoding.healthcare.definitions.authentications.LoginTest.step04(java.lang.String)&amp#27;[0m

    Embedding Sign to Aplikasi Cura HEALTHCARE [image/png 38014 bytes]

]]></system-out>
  </testcase>
  <testcase name="runScenario[&quot;Validasi Melakukan Pemesanan Janji Temu&quot;, &quot;CURA HEALTHCARE&quot;](18)" classname="com.juaracoding.healthcare.definitions.runners.RunnersApp" time="23.407">
    <system-out><![CDATA[
Scenario: Validasi Melakukan Pemesanan Janji Temu                                              &amp#27;[90m# src/test/resources/features/curahealt.feature:13&amp#27;[0m
  &amp#27;[32mGiven &amp#27;[0m&amp#27;[32mpengguna berada di halaman dashboard.&amp#27;[0m                                                  &amp#27;[90m# com.juaracoding.healthcare.definitions.orders.OrdersJanjiTemuTest.step01()&amp#27;[0m
  &amp#27;[32mWhen &amp#27;[0m&amp#27;[32muser memilih lokasi fasilitas kesehatan &amp#27;[0m&amp#27;[32m&amp#27;[1m"Seoul CURA Healthcare Center"&amp#27;[0m                  &amp#27;[90m# com.juaracoding.healthcare.definitions.orders.OrdersJanjiTemuTest.step02(java.lang.String)&amp#27;[0m

    Embedding Screenshot - Cek Box [image/png 38559 bytes]

  &amp#27;[32mAnd &amp#27;[0m&amp#27;[32muser ceklis apply for hospital readmission dan ceklis Healthcare program Medicaid&amp#27;[0m        &amp#27;[90m# com.juaracoding.healthcare.definitions.orders.OrdersJanjiTemuTest.step03()&amp#27;[0m
  &amp#27;[32mAnd &amp#27;[0m&amp#27;[32muser klik icon calender dan memilih tanggal &amp#27;[0m&amp#27;[32m&amp#27;[1m"15/09/2025"&amp#27;[0m                                 &amp#27;[90m# com.juaracoding.healthcare.definitions.orders.OrdersJanjiTemuTest.step04(java.lang.String)&amp#27;[0m
  &amp#27;[32mAnd &amp#27;[0m&amp#27;[32muser mengisi keterangan &amp#27;[0m&amp#27;[32m&amp#27;[1m"testaja"&amp#27;[0m                                                        &amp#27;[90m# com.juaracoding.healthcare.definitions.orders.OrdersJanjiTemuTest.step05(java.lang.String)&amp#27;[0m
  &amp#27;[32mThen &amp#27;[0m&amp#27;[32muser klik tombol booking dan Appointment berhasil di lakukan &amp#27;[0m&amp#27;[32m&amp#27;[1m"Appointment Confirmation"&amp#27;[0m &amp#27;[90m# com.juaracoding.healthcare.definitions.orders.OrdersJanjiTemuTest.step06(java.lang.String)&amp#27;[0m

    Embedding Validasi Melakukan Pemesanan Janji Temu [image/png 46317 bytes]

]]></system-out>
  </testcase>
  <testcase name="runScenario[&quot;Log out from Aplikasi Cura Healthcare&quot;, &quot;CURA HEALTHCARE&quot;](19)" classname="com.juaracoding.healthcare.definitions.runners.RunnersApp" time="27.802">
    <system-out><![CDATA[
Scenario: Log out from Aplikasi Cura Healthcare &amp#27;[90m# src/test/resources/features/curahealt.feature:21&amp#27;[0m
  &amp#27;[32mGiven &amp#27;[0m&amp#27;[32muser berada di halaman dashboard&amp#27;[0m        &amp#27;[90m# com.juaracoding.healthcare.definitions.authentications.LogOutTest.step01()&amp#27;[0m
  &amp#27;[32mWhen &amp#27;[0m&amp#27;[32muser menekan tombol menu samping&amp#27;[0m         &amp#27;[90m# com.juaracoding.healthcare.definitions.authentications.LogOutTest.step02()&amp#27;[0m
  &amp#27;[32mAnd &amp#27;[0m&amp#27;[32muser menekan tombol logout&amp#27;[0m                &amp#27;[90m# com.juaracoding.healthcare.definitions.authentications.LogOutTest.step03()&amp#27;[0m
  &amp#27;[32mThen &amp#27;[0m&amp#27;[32muser telah keluar dari halaman login&amp#27;[0m     &amp#27;[90m# com.juaracoding.healthcare.definitions.authentications.LogOutTest.step04()&amp#27;[0m

    Embedding Log out from Aplikasi Cura Healthcare [image/png 1105905 bytes]

]]></system-out>
  </testcase>
  <testcase name="runScenario[&quot;Melakukan Scroll down&quot;, &quot;CURA HEALTHCARE&quot;](20)" classname="com.juaracoding.healthcare.definitions.runners.RunnersApp" time="22.624">
    <system-out><![CDATA[
Scenario: Melakukan Scroll down                 &amp#27;[90m# src/test/resources/features/curahealt.feature:27&amp#27;[0m
  &amp#27;[32mGiven &amp#27;[0m&amp#27;[32muser di bawa kehalaman dashboard&amp#27;[0m        &amp#27;[90m# com.juaracoding.healthcare.definitions.scroll.NavigateToScroll.step01()&amp#27;[0m

    Embedding Screenshot - logo twitter [image/png 33835 bytes]

  &amp#27;[32mWhen &amp#27;[0m&amp#27;[32muser melakukan Scroll kebawah dan keatas&amp#27;[0m &amp#27;[90m# com.juaracoding.healthcare.definitions.scroll.NavigateToScroll.step02()&amp#27;[0m
  &amp#27;[32mThen &amp#27;[0m&amp#27;[32muser berhasil melakukan Scroll&amp#27;[0m           &amp#27;[90m# com.juaracoding.healthcare.definitions.scroll.NavigateToScroll.step03()&amp#27;[0m

    Embedding Melakukan Scroll down [image/png 34062 bytes]

]]></system-out>
  </testcase>
  <testcase name="runScenario[&quot;User melakukan pemesanan tanpa isi from&quot;, &quot;CURA HEALTHCARE&quot;](21)" classname="com.juaracoding.healthcare.definitions.runners.RunnersApp" time="17.128">
    <system-out><![CDATA[
Scenario: User melakukan pemesanan tanpa isi from            &amp#27;[90m# src/test/resources/features/curahealt.feature:32&amp#27;[0m
  &amp#27;[32mGiven &amp#27;[0m&amp#27;[32mpengguna ada di halaman dashboard&amp#27;[0m                    &amp#27;[90m# com.juaracoding.healthcare.definitions.orders.NegativeOrdersSteps.step01()&amp#27;[0m
  &amp#27;[32mWhen &amp#27;[0m&amp#27;[32mpengguna melakukan Scroll pada halaman dashboard&amp#27;[0m      &amp#27;[90m# com.juaracoding.healthcare.definitions.orders.NegativeOrdersSteps.step02()&amp#27;[0m
  &amp#27;[32mAnd &amp#27;[0m&amp#27;[32muser klik tombol booking tanpa mengisi data&amp#27;[0m            &amp#27;[90m# com.juaracoding.healthcare.definitions.orders.NegativeOrdersSteps.step03()&amp#27;[0m

    Embedding Screenshot - message UI : Please fill out this field [image/png 77448 bytes]

  &amp#27;[32mThen &amp#27;[0m&amp#27;[32muser melihat pesan error &amp#27;[0m&amp#27;[32m&amp#27;[1m"Please fill out this field"&amp#27;[0m &amp#27;[90m# com.juaracoding.healthcare.definitions.orders.NegativeOrdersSteps.step04(java.lang.String)&amp#27;[0m

    Embedding User melakukan pemesanan tanpa isi from [image/png 80330 bytes]

]]></system-out>
  </testcase>
</testsuite>