<?xml version="1.0" encoding="UTF-8"?>
<!-- Generated by org.testng.reporters.JUnitXMLReporter -->
<testsuite ignored="3" hostname="HP-WYLDC" failures="0" tests="1" name="Test" time="45.296" errors="0" timestamp="2025-08-11T12:57:43 WIB">
  <testcase classname="com.android.swagtest.InventoryTest" name="TC0010" time="45.2"/>
  <testcase classname="com.android.swagtest.InventoryTest" name="TC0007" time="0.0">
    <ignored/>
  </testcase> <!-- TC0007 -->
  <testcase classname="com.android.swagtest.InventoryTest" name="TC0008" time="0.0">
    <ignored/>
  </testcase> <!-- TC0008 -->
  <testcase classname="com.android.swagtest.InventoryTest" name="TC0009" time="0.0">
    <ignored/>
  </testcase> <!-- TC0009 -->
</testsuite> <!-- Test -->
